<?xml version="1.0" encoding="UTF-8"?>
<testsuite xmlns:xsi="http://www.w3.org/2001/XMLSchema-instance" xsi:noNamespaceSchemaLocation="https://maven.apache.org/surefire/maven-surefire-plugin/xsd/surefire-test-report-3.0.xsd" version="3.0" name="com.example.helloworld.HelloworldApplicationTests" time="4.008" tests="1" errors="0" skipped="0" failures="0">
  <properties>
[...]
</properties>
  <testcase name="contextLoads" classname="com.example.helloworld.HelloworldApplicationTests" time="1.258">
    <system-out><![CDATA[19:15:24.121 [main] INFO org.springframework.test.context.support.AnnotationConfigContextLoaderUtils -- Could not detect default configuration classes for test class [com.example.helloworld.HelloworldApplicationTests]: HelloworldApplicationTests does not declare any static, non-private, non-final, nested classes annotated with @Configuration.
19:15:24.327 [main] INFO org.springframework.boot.test.context.SpringBootTestContextBootstrapper -- Found @SpringBootConfiguration com.example.helloworld.HelloworldApplication for test class com.example.helloworld.HelloworldApplicationTests

  .   ____          _            __ _ _
 /\\ / ___'_ __ _ _(_)_ __  __ _ \ \ \ \
( ( )\___ | '_ | '_| | '_ \/ _` | \ \ \ \
 \\/  ___)| |_)| | | | | || (_| |  ) ) ) )
  '  |____| .__|_| |_|_| |_\__, | / / / /
 =========|_|==============|___/=/_/_/_/
 :: Spring Boot ::                (v3.1.3)

2023-08-29T19:15:24.920+05:30  INFO 7344 --- [           main] c.e.h.HelloworldApplicationTests         : Starting HelloworldApplicationTests using Java 17.0.6 with PID 7344 (started by 2233220 in C:\Users\2233220\Downloads\helloworld\helloworld)
2023-08-29T19:15:24.924+05:30  INFO 7344 --- [           main] c.e.h.HelloworldApplicationTests         : No active profile set, falling back to 1 default profile: "default"
2023-08-29T19:15:26.607+05:30  INFO 7344 --- [           main] c.e.h.HelloworldApplicationTests         : Started HelloworldApplicationTests in 2.02 seconds (process running for 3.74)
]]></system-out>
  </testcase>
</testsuite>